{
  "stats": {
    "suites": 1,
    "tests": 1,
    "passes": 1,
    "pending": 0,
    "failures": 0,
    "start": "2021-07-01T17:15:27.144Z",
    "end": "2021-07-01T17:15:44.289Z",
    "duration": 17145,
    "testsRegistered": 1,
    "passPercent": 100,
    "pendingPercent": 0,
    "other": 0,
    "hasOther": false,
    "skipped": 0,
    "hasSkipped": false
  },
  "results": [
    {
      "uuid": "e1fa6395-42b7-4978-9ad5-c6024933458a",
      "title": "",
      "fullFile": "cypress/integration/cadastro.spec.js",
      "file": "cypress/integration/cadastro.spec.js",
      "beforeHooks": [],
      "afterHooks": [],
      "tests": [],
      "suites": [
        {
          "uuid": "9a29fbed-fd4a-4e3f-8177-4d4dd851fa7c",
          "title": "Cadastro",
          "fullFile": "",
          "file": "",
          "beforeHooks": [],
          "afterHooks": [],
          "tests": [
            {
              "title": "Cadastrar usuário no site",
              "fullTitle": "Cadastro Cadastrar usuário no site",
              "timedOut": null,
              "duration": 17161,
              "state": "passed",
              "speed": "slow",
              "pass": true,
              "fail": false,
              "pending": false,
              "context": null,
              "code": "cy.server();\ncy.route('POST', '**/api/1/databases/userdetails/collections/newtable?**').as('postNewTable');\ncy.route('POST', '**/api/1/databases/userdetails/collections/usertable?**').as('postUserTable');\ncy.route('GET', '**/api/1/databases/userdetails/collections/newtable?**').as('getNewTable');\ncy.visit('/Register.html');\ncy.get('input[ng-model^=\"First\"]').should('be.visible').type(chance.first());\ncy.get('input[ng-model^=\"Last\"]').should('be.visible').type(chance.last());\ncy.get('input[ng-model^=\"Email\"]').should('be.visible').type(chance.email());\ncy.get('input[ng-model^=\"Phone\"]').should('be.visible').type(chance.phone({\n  formatted: false\n}));\ncy.get('input[value=FeMale]').check();\ncy.get('input[type=checkbox]').check('Cricket');\ncy.get('input[type=checkbox]').check('Movies');\ncy.get('select#Skills').select('Javascript');\ncy.get('select#countries').select('Brazil');\ncy.get('select#country').select('India', {\n  force: true\n});\ncy.get('select#yearbox').select('1991');\ncy.get('select[ng-model^=month]').select('August');\ncy.get('select#daybox').select('30');\ncy.get('input#firstpassword').type('Teste@2021');\ncy.get('input#secondpassword').type('Teste@2021');\ncy.get('input#imagesrc').attachFile('imagem-foto.png');\ncy.get('button#submitbtn').click(); // cy.wait('@postNewTable').then((responseNewTable) =>{\n//     expect(responseNewTable.status).to.eq(200)\n// })\n// cy.wait('@getNewTable').then((responseGetNewTable) =>{\n//     expect(responseGetNewTable.status).to.eq(200)\n// })\n// cy.url().should('contain', '**/WebTable')",
              "err": {},
              "uuid": "8e704ad0-91a2-4b66-8a12-f5da04b0b967",
              "parentUUID": "9a29fbed-fd4a-4e3f-8177-4d4dd851fa7c",
              "isHook": false,
              "skipped": false
            }
          ],
          "suites": [],
          "passes": [
            "8e704ad0-91a2-4b66-8a12-f5da04b0b967"
          ],
          "failures": [],
          "pending": [],
          "skipped": [],
          "duration": 17161,
          "root": false,
          "rootEmpty": false,
          "_timeout": 2000
        }
      ],
      "passes": [],
      "failures": [],
      "pending": [],
      "skipped": [],
      "duration": 0,
      "root": true,
      "rootEmpty": true,
      "_timeout": 2000
    }
  ],
  "meta": {
    "mocha": {
      "version": "7.0.1"
    },
    "mochawesome": {
      "options": {
        "quiet": true,
        "reportFilename": "mochawesome",
        "saveHtml": false,
        "saveJson": true,
        "consoleReporter": "spec",
        "useInlineDiffs": false,
        "code": true
      },
      "version": "6.2.2"
    },
    "marge": {
      "options": {
        "id": "default",
        "reportDir": "mochawesome-report",
        "quiet": true,
        "overwrite": false,
        "html": false,
        "json": true
      },
      "version": "5.2.0"
    }
  }
}