{
  "stats": {
    "suites": 2,
    "tests": 1,
    "passes": 1,
    "pending": 0,
    "failures": 0,
    "start": "2021-07-01T17:19:59.824Z",
    "end": "2021-07-01T17:20:08.241Z",
    "duration": 8417,
    "testsRegistered": 1,
    "passPercent": 100,
    "pendingPercent": 0,
    "other": 0,
    "hasOther": false,
    "skipped": 0,
    "hasSkipped": false
  },
  "results": [
    {
      "uuid": "8fdd836b-2785-4c84-bb05-1b0289df464c",
      "title": "",
      "fullFile": "cypress/integration/listagem.spec.js",
      "file": "cypress/integration/listagem.spec.js",
      "beforeHooks": [],
      "afterHooks": [],
      "tests": [],
      "suites": [
        {
          "uuid": "e9473f1b-1509-4c5a-86a2-d8fc2ff01a5d",
          "title": "Listar",
          "fullFile": "",
          "file": "",
          "beforeHooks": [],
          "afterHooks": [],
          "tests": [],
          "suites": [
            {
              "uuid": "74e3d7bc-db8e-4ab9-91bd-b869d0249793",
              "title": "Listagem",
              "fullFile": "",
              "file": "",
              "beforeHooks": [],
              "afterHooks": [],
              "tests": [
                {
                  "title": "Listagem com apenas um registro",
                  "fullTitle": "Listar Listagem Listagem com apenas um registro",
                  "timedOut": null,
                  "duration": 8362,
                  "state": "passed",
                  "speed": "slow",
                  "pass": true,
                  "fail": false,
                  "pending": false,
                  "context": null,
                  "code": "cy.server();\ncy.route({\n  method: 'GET',\n  url: '**/api/1/databases/userdetails/collections/newtable?**',\n  status: 200,\n  response: 'fx:webtable-get-unique'\n});\ncy.visit('/WebTable.html');",
                  "err": {},
                  "uuid": "8553f25b-3526-4499-a1f9-d068aa6bfa1f",
                  "parentUUID": "74e3d7bc-db8e-4ab9-91bd-b869d0249793",
                  "isHook": false,
                  "skipped": false
                }
              ],
              "suites": [],
              "passes": [
                "8553f25b-3526-4499-a1f9-d068aa6bfa1f"
              ],
              "failures": [],
              "pending": [],
              "skipped": [],
              "duration": 8362,
              "root": false,
              "rootEmpty": false,
              "_timeout": 2000
            }
          ],
          "passes": [],
          "failures": [],
          "pending": [],
          "skipped": [],
          "duration": 0,
          "root": false,
          "rootEmpty": false,
          "_timeout": 2000
        }
      ],
      "passes": [],
      "failures": [],
      "pending": [],
      "skipped": [],
      "duration": 0,
      "root": true,
      "rootEmpty": true,
      "_timeout": 2000
    }
  ],
  "meta": {
    "mocha": {
      "version": "7.0.1"
    },
    "mochawesome": {
      "options": {
        "quiet": true,
        "reportFilename": "mochawesome",
        "saveHtml": false,
        "saveJson": true,
        "consoleReporter": "spec",
        "useInlineDiffs": false,
        "code": true
      },
      "version": "6.2.2"
    },
    "marge": {
      "options": {
        "id": "default",
        "reportDir": "mochawesome-report",
        "quiet": true,
        "overwrite": false,
        "html": false,
        "json": true
      },
      "version": "5.2.0"
    }
  }
}