{
  "stats": {
    "suites": 2,
    "tests": 1,
    "passes": 1,
    "pending": 0,
    "failures": 0,
    "start": "2021-07-01T17:17:52.022Z",
    "end": "2021-07-01T17:18:03.125Z",
    "duration": 11103,
    "testsRegistered": 1,
    "passPercent": 100,
    "pendingPercent": 0,
    "other": 0,
    "hasOther": false,
    "skipped": 0,
    "hasSkipped": false
  },
  "results": [
    {
      "uuid": "edb3b387-5ec1-4a57-abd8-126d154ee475",
      "title": "",
      "fullFile": "cypress/integration/listagem.spec.js",
      "file": "cypress/integration/listagem.spec.js",
      "beforeHooks": [],
      "afterHooks": [],
      "tests": [],
      "suites": [
        {
          "uuid": "fc537f3e-e32e-403e-b8bc-aff9bce11831",
          "title": "Listar",
          "fullFile": "",
          "file": "",
          "beforeHooks": [],
          "afterHooks": [],
          "tests": [],
          "suites": [
            {
              "uuid": "03944815-aaf6-4435-b7ed-816656ec863a",
              "title": "Listagem",
              "fullFile": "",
              "file": "",
              "beforeHooks": [],
              "afterHooks": [],
              "tests": [
                {
                  "title": "Listagem com apenas um registro",
                  "fullTitle": "Listar Listagem Listagem com apenas um registro",
                  "timedOut": null,
                  "duration": 11008,
                  "state": "passed",
                  "speed": "slow",
                  "pass": true,
                  "fail": false,
                  "pending": false,
                  "context": null,
                  "code": "cy.server();\ncy.route({\n  method: 'GET',\n  url: '**/api/1/databases/userdetails/collections/newtable?**',\n  status: 200,\n  response: 'fx:webtable-get-unique'\n});\ncy.visit('/WebTable.html');",
                  "err": {},
                  "uuid": "8330fcce-9afa-4c49-84cd-65a58fa26810",
                  "parentUUID": "03944815-aaf6-4435-b7ed-816656ec863a",
                  "isHook": false,
                  "skipped": false
                }
              ],
              "suites": [],
              "passes": [
                "8330fcce-9afa-4c49-84cd-65a58fa26810"
              ],
              "failures": [],
              "pending": [],
              "skipped": [],
              "duration": 11008,
              "root": false,
              "rootEmpty": false,
              "_timeout": 2000
            }
          ],
          "passes": [],
          "failures": [],
          "pending": [],
          "skipped": [],
          "duration": 0,
          "root": false,
          "rootEmpty": false,
          "_timeout": 2000
        }
      ],
      "passes": [],
      "failures": [],
      "pending": [],
      "skipped": [],
      "duration": 0,
      "root": true,
      "rootEmpty": true,
      "_timeout": 2000
    }
  ],
  "meta": {
    "mocha": {
      "version": "7.0.1"
    },
    "mochawesome": {
      "options": {
        "quiet": true,
        "reportFilename": "mochawesome",
        "saveHtml": false,
        "saveJson": true,
        "consoleReporter": "spec",
        "useInlineDiffs": false,
        "code": true
      },
      "version": "6.2.2"
    },
    "marge": {
      "options": {
        "id": "default",
        "reportDir": "mochawesome-report",
        "quiet": true,
        "overwrite": false,
        "html": false,
        "json": true
      },
      "version": "5.2.0"
    }
  }
}